2016/03/20 23:38:40 INFO  - jmeter.util.JMeterUtils: Setting Locale to en_US 
2016/03/20 23:38:41 INFO  - jmeter.JMeter: Loading user properties from: C:\kazhitu\apache-jmeter-2.13\bin\user.properties 
2016/03/20 23:38:41 INFO  - jmeter.JMeter: Loading system properties from: C:\kazhitu\apache-jmeter-2.13\bin\system.properties 
2016/03/20 23:38:41 INFO  - jmeter.JMeter: Copyright (c) 1998-2015 The Apache Software Foundation 
2016/03/20 23:38:41 INFO  - jmeter.JMeter: Version 2.13 r1665067 
2016/03/20 23:38:41 INFO  - jmeter.JMeter: java.version=1.8.0_73 
2016/03/20 23:38:41 INFO  - jmeter.JMeter: java.vm.name=Java HotSpot(TM) 64-Bit Server VM 
2016/03/20 23:38:41 INFO  - jmeter.JMeter: os.name=Windows 8 
2016/03/20 23:38:41 INFO  - jmeter.JMeter: os.arch=amd64 
2016/03/20 23:38:41 INFO  - jmeter.JMeter: os.version=6.2 
2016/03/20 23:38:41 INFO  - jmeter.JMeter: file.encoding=GBK 
2016/03/20 23:38:41 INFO  - jmeter.JMeter: Default Locale=English (United States) 
2016/03/20 23:38:41 INFO  - jmeter.JMeter: JMeter  Locale=English (United States) 
2016/03/20 23:38:41 INFO  - jmeter.JMeter: JMeterHome=C:\kazhitu\apache-jmeter-2.13 
2016/03/20 23:38:41 INFO  - jmeter.JMeter: user.dir  =C:\kazhitu\workspace\Lab1Calculator 
2016/03/20 23:38:41 INFO  - jmeter.JMeter: PWD       =C:\kazhitu\workspace\Lab1Calculator 
2016/03/20 23:38:41 INFO  - jmeter.JMeter: IP: 10.0.0.197 Name: heiheidodo FullName: 10.0.0.197 
2016/03/20 23:38:41 INFO  - jmeter.gui.action.LookAndFeelCommand: Using look and feel: javax.swing.plaf.metal.MetalLookAndFeel [Metal, CrossPlatform] 
2016/03/20 23:38:42 INFO  - jmeter.JMeter: Loaded icon properties from org/apache/jmeter/images/icon.properties 
2016/03/20 23:38:46 INFO  - jmeter.engine.util.CompoundVariable: Note: Function class names must contain the string: '.functions.' 
2016/03/20 23:38:46 INFO  - jmeter.engine.util.CompoundVariable: Note: Function class names must not contain the string: '.gui.' 
2016/03/20 23:38:49 INFO  - jmeter.util.BSFTestElement: Registering JMeter version of JavaScript engine as work-round for BSF-22 
2016/03/20 23:38:50 INFO  - jmeter.protocol.http.sampler.HTTPSamplerBase: Cannot find .className property for htmlParser, using default 
2016/03/20 23:38:50 INFO  - jmeter.protocol.http.sampler.HTTPSamplerBase: Parser for text/html is  
2016/03/20 23:38:50 INFO  - jmeter.protocol.http.sampler.HTTPSamplerBase: Parser for application/xhtml+xml is  
2016/03/20 23:38:50 INFO  - jmeter.protocol.http.sampler.HTTPSamplerBase: Parser for application/xml is  
2016/03/20 23:38:50 INFO  - jmeter.protocol.http.sampler.HTTPSamplerBase: Parser for text/xml is  
2016/03/20 23:38:50 INFO  - jmeter.protocol.http.sampler.HTTPSamplerBase: Parser for text/vnd.wap.wml is org.apache.jmeter.protocol.http.parser.RegexpHTMLParser 
2016/03/20 23:38:50 INFO  - jmeter.gui.util.MenuFactory: Skipping org.apache.jmeter.protocol.http.control.gui.WebServiceSamplerGui 
2016/03/20 23:38:50 INFO  - jmeter.gui.util.MenuFactory: Skipping org.apache.jmeter.protocol.http.modifier.gui.ParamModifierGui 
2016/03/20 23:38:54 INFO  - jorphan.exec.KeyToolUtils: keytool found at 'keytool' 
2016/03/20 23:38:54 INFO  - jmeter.protocol.http.proxy.ProxyControl: HTTP(S) Test Script Recorder SSL Proxy will use keys that support embedded 3rd party resources in file C:\kazhitu\apache-jmeter-2.13\bin\proxyserver.jks 
2016/03/20 23:38:56 INFO  - jmeter.samplers.SampleResult: Note: Sample TimeStamps are START times 
2016/03/20 23:38:56 INFO  - jmeter.samplers.SampleResult: sampleresult.default.encoding is set to ISO-8859-1 
2016/03/20 23:38:56 INFO  - jmeter.samplers.SampleResult: sampleresult.useNanoTime=true 
2016/03/20 23:38:56 INFO  - jmeter.samplers.SampleResult: sampleresult.nanoThreadSleep=5000 
2016/03/20 23:41:00 INFO  - jmeter.engine.StandardJMeterEngine: Listeners will be started after enabling running version 
2016/03/20 23:41:00 INFO  - jmeter.engine.StandardJMeterEngine: To revert to the earlier behaviour, define jmeterengine.startlistenerslater=false 
2016/03/20 23:41:00 INFO  - jmeter.engine.StandardJMeterEngine: Running the test! 
2016/03/20 23:41:00 INFO  - jmeter.samplers.SampleEvent: List of sample_variables: [] 
2016/03/20 23:41:00 INFO  - jmeter.samplers.SampleEvent: List of sample_variables: [] 
2016/03/20 23:41:00 INFO  - jmeter.gui.util.JMeterMenuBar: setRunning(true,*local*) 
2016/03/20 23:41:00 INFO  - jmeter.engine.StandardJMeterEngine: Starting ThreadGroup: 1 : Thread Group 
2016/03/20 23:41:00 INFO  - jmeter.engine.StandardJMeterEngine: Starting 1 threads for group Thread Group. 
2016/03/20 23:41:00 INFO  - jmeter.engine.StandardJMeterEngine: Thread will continue on error 
2016/03/20 23:41:00 INFO  - jmeter.threads.ThreadGroup: Starting thread group number 1 threads 1 ramp-up 1 perThread 1000.0 delayedStart=false 
2016/03/20 23:41:00 INFO  - jmeter.threads.JMeterThread: jmeterthread.startearlier=true (see jmeter.properties) 
2016/03/20 23:41:00 INFO  - jmeter.threads.JMeterThread: Running PostProcessors in forward order 
2016/03/20 23:41:00 INFO  - jmeter.threads.ThreadGroup: Started thread group number 1 
2016/03/20 23:41:00 INFO  - jmeter.engine.StandardJMeterEngine: All thread groups have been started 
2016/03/20 23:41:00 INFO  - jmeter.threads.JMeterThread: Thread started: Thread Group 1-1 
2016/03/20 23:41:00 INFO  - jmeter.protocol.http.sampler.HTTPHCAbstractImpl: Local host = heiheidodo 
2016/03/20 23:41:00 INFO  - jmeter.protocol.http.sampler.HTTPHC4Impl: HTTP request retry count = 0 
2016/03/20 23:41:00 INFO  - jmeter.protocol.http.sampler.HTTPHC4Impl: Setting up HTTPS TrustAll scheme 
2016/03/20 23:41:00 INFO  - jmeter.util.JsseSSLManager: Using default SSL protocol: TLS 
2016/03/20 23:41:00 INFO  - jmeter.util.JsseSSLManager: SSL session context: per-thread 
2016/03/20 23:42:26 INFO  - jmeter.gui.action.Start: Shutting test down 
2016/03/20 23:42:26 INFO  - jmeter.threads.JMeterThread: Stopping: Thread Group 1-1 
2016/03/20 23:42:26 INFO  - jmeter.threads.JMeterThread: Thread finished: Thread Group 1-1 
2016/03/20 23:42:26 INFO  - jmeter.engine.StandardJMeterEngine: Notifying test listeners of end of test 
2016/03/20 23:42:26 INFO  - jmeter.services.FileServer: Default base='C:\kazhitu\workspace\Lab1Calculator' 
2016/03/20 23:42:26 INFO  - jmeter.gui.util.JMeterMenuBar: setRunning(false,*local*) 
2016/03/20 23:42:47 INFO  - jmeter.engine.StandardJMeterEngine: Running the test! 
2016/03/20 23:42:47 INFO  - jmeter.samplers.SampleEvent: List of sample_variables: [] 
2016/03/20 23:42:47 INFO  - jmeter.gui.util.JMeterMenuBar: setRunning(true,*local*) 
2016/03/20 23:42:47 INFO  - jmeter.engine.StandardJMeterEngine: Starting ThreadGroup: 1 : Thread Group 
2016/03/20 23:42:47 INFO  - jmeter.engine.StandardJMeterEngine: Starting 1 threads for group Thread Group. 
2016/03/20 23:42:47 INFO  - jmeter.engine.StandardJMeterEngine: Thread will continue on error 
2016/03/20 23:42:47 INFO  - jmeter.threads.ThreadGroup: Starting thread group number 1 threads 1 ramp-up 1 perThread 1000.0 delayedStart=false 
2016/03/20 23:42:47 INFO  - jmeter.threads.ThreadGroup: Started thread group number 1 
2016/03/20 23:42:47 INFO  - jmeter.engine.StandardJMeterEngine: All thread groups have been started 
2016/03/20 23:42:47 INFO  - jmeter.threads.JMeterThread: Thread started: Thread Group 1-1 
2016/03/20 23:45:15 INFO  - jmeter.gui.action.Start: Stopping test 
2016/03/20 23:45:15 INFO  - jmeter.threads.JMeterThread: Stopping: Thread Group 1-1 
2016/03/20 23:45:15 WARN  - jmeter.util.JMeterUtils: Interrupted in thread Thread Group 1-1 java.lang.InterruptedException
	at java.lang.Object.wait(Native Method)
	at java.lang.Object.wait(Unknown Source)
	at java.awt.EventQueue.invokeAndWait(Unknown Source)
	at java.awt.EventQueue.invokeAndWait(Unknown Source)
	at javax.swing.SwingUtilities.invokeAndWait(Unknown Source)
	at org.apache.jmeter.util.JMeterUtils.runSafe(JMeterUtils.java:1322)
	at org.apache.jmeter.visualizers.TableVisualizer.add(TableVisualizer.java:169)
	at org.apache.jmeter.reporters.ResultCollector.sendToVisualizer(ResultCollector.java:595)
	at org.apache.jmeter.reporters.ResultCollector.sampleOccurred(ResultCollector.java:571)
	at org.apache.jmeter.threads.ListenerNotifier.notifyListeners(ListenerNotifier.java:84)
	at org.apache.jmeter.threads.JMeterThread.notifyListeners(JMeterThread.java:796)
	at org.apache.jmeter.threads.JMeterThread.process_sampler(JMeterThread.java:456)
	at org.apache.jmeter.threads.JMeterThread.run(JMeterThread.java:261)
	at java.lang.Thread.run(Unknown Source)

2016/03/20 23:45:15 INFO  - jmeter.threads.JMeterThread: Thread finished: Thread Group 1-1 
2016/03/20 23:45:15 INFO  - jmeter.engine.StandardJMeterEngine: Notifying test listeners of end of test 
2016/03/20 23:45:15 INFO  - jmeter.gui.util.JMeterMenuBar: setRunning(false,*local*) 
2016/03/21 00:02:00 INFO  - jmeter.engine.StandardJMeterEngine: Running the test! 
2016/03/21 00:02:00 INFO  - jmeter.samplers.SampleEvent: List of sample_variables: [] 
2016/03/21 00:02:00 INFO  - jmeter.gui.util.JMeterMenuBar: setRunning(true,*local*) 
2016/03/21 00:02:00 INFO  - jmeter.engine.StandardJMeterEngine: Starting ThreadGroup: 1 : Thread Group 
2016/03/21 00:02:00 INFO  - jmeter.engine.StandardJMeterEngine: Starting 1 threads for group Thread Group. 
2016/03/21 00:02:00 INFO  - jmeter.engine.StandardJMeterEngine: Thread will continue on error 
2016/03/21 00:02:00 INFO  - jmeter.threads.ThreadGroup: Starting thread group number 1 threads 1 ramp-up 1 perThread 1000.0 delayedStart=false 
2016/03/21 00:02:00 INFO  - jmeter.threads.ThreadGroup: Started thread group number 1 
2016/03/21 00:02:00 INFO  - jmeter.engine.StandardJMeterEngine: All thread groups have been started 
2016/03/21 00:02:00 INFO  - jmeter.threads.JMeterThread: Thread started: Thread Group 1-1 
2016/03/21 00:03:19 INFO  - jmeter.threads.JMeterThread: Thread is done: Thread Group 1-1 
2016/03/21 00:03:19 INFO  - jmeter.threads.JMeterThread: Thread finished: Thread Group 1-1 
2016/03/21 00:03:19 INFO  - jmeter.engine.StandardJMeterEngine: Notifying test listeners of end of test 
2016/03/21 00:03:19 INFO  - jmeter.gui.util.JMeterMenuBar: setRunning(false,*local*) 
2016/03/21 00:05:07 INFO  - jmeter.engine.StandardJMeterEngine: Running the test! 
2016/03/21 00:05:07 INFO  - jmeter.samplers.SampleEvent: List of sample_variables: [] 
2016/03/21 00:05:07 INFO  - jmeter.gui.util.JMeterMenuBar: setRunning(true,*local*) 
2016/03/21 00:05:08 INFO  - jmeter.engine.StandardJMeterEngine: Starting ThreadGroup: 1 : Thread Group 
2016/03/21 00:05:08 INFO  - jmeter.engine.StandardJMeterEngine: Starting 1 threads for group Thread Group. 
2016/03/21 00:05:08 INFO  - jmeter.engine.StandardJMeterEngine: Thread will continue on error 
2016/03/21 00:05:08 INFO  - jmeter.threads.ThreadGroup: Starting thread group number 1 threads 1 ramp-up 1 perThread 1000.0 delayedStart=false 
2016/03/21 00:05:08 INFO  - jmeter.threads.ThreadGroup: Started thread group number 1 
2016/03/21 00:05:08 INFO  - jmeter.engine.StandardJMeterEngine: All thread groups have been started 
2016/03/21 00:05:08 INFO  - jmeter.threads.JMeterThread: Thread started: Thread Group 1-1 
2016/03/21 00:05:34 INFO  - jmeter.threads.JMeterThread: Thread is done: Thread Group 1-1 
2016/03/21 00:05:34 INFO  - jmeter.threads.JMeterThread: Thread finished: Thread Group 1-1 
2016/03/21 00:05:34 INFO  - jmeter.engine.StandardJMeterEngine: Notifying test listeners of end of test 
2016/03/21 00:05:34 INFO  - jmeter.gui.util.JMeterMenuBar: setRunning(false,*local*) 
2016/03/21 00:05:49 INFO  - jmeter.engine.StandardJMeterEngine: Running the test! 
2016/03/21 00:05:49 INFO  - jmeter.samplers.SampleEvent: List of sample_variables: [] 
2016/03/21 00:05:49 INFO  - jmeter.gui.util.JMeterMenuBar: setRunning(true,*local*) 
2016/03/21 00:05:49 INFO  - jmeter.engine.StandardJMeterEngine: Starting ThreadGroup: 1 : Thread Group 
2016/03/21 00:05:49 INFO  - jmeter.engine.StandardJMeterEngine: Starting 1 threads for group Thread Group. 
2016/03/21 00:05:49 INFO  - jmeter.engine.StandardJMeterEngine: Thread will continue on error 
2016/03/21 00:05:49 INFO  - jmeter.threads.ThreadGroup: Starting thread group number 1 threads 1 ramp-up 1 perThread 1000.0 delayedStart=false 
2016/03/21 00:05:49 INFO  - jmeter.threads.ThreadGroup: Started thread group number 1 
2016/03/21 00:05:49 INFO  - jmeter.engine.StandardJMeterEngine: All thread groups have been started 
2016/03/21 00:05:49 INFO  - jmeter.threads.JMeterThread: Thread started: Thread Group 1-1 
2016/03/21 00:06:23 INFO  - jmeter.threads.JMeterThread: Thread is done: Thread Group 1-1 
2016/03/21 00:06:23 INFO  - jmeter.threads.JMeterThread: Thread finished: Thread Group 1-1 
2016/03/21 00:06:23 INFO  - jmeter.engine.StandardJMeterEngine: Notifying test listeners of end of test 
2016/03/21 00:06:23 INFO  - jmeter.gui.util.JMeterMenuBar: setRunning(false,*local*) 
2016/03/21 00:10:29 INFO  - jmeter.engine.StandardJMeterEngine: Running the test! 
2016/03/21 00:10:29 INFO  - jmeter.samplers.SampleEvent: List of sample_variables: [] 
2016/03/21 00:10:29 INFO  - jmeter.gui.util.JMeterMenuBar: setRunning(true,*local*) 
2016/03/21 00:10:29 INFO  - jmeter.engine.StandardJMeterEngine: Starting ThreadGroup: 1 : Thread Group 
2016/03/21 00:10:29 INFO  - jmeter.engine.StandardJMeterEngine: Starting 1 threads for group Thread Group. 
2016/03/21 00:10:29 INFO  - jmeter.engine.StandardJMeterEngine: Thread will continue on error 
2016/03/21 00:10:29 INFO  - jmeter.threads.ThreadGroup: Starting thread group number 1 threads 1 ramp-up 1 perThread 1000.0 delayedStart=false 
2016/03/21 00:10:29 INFO  - jmeter.threads.ThreadGroup: Started thread group number 1 
2016/03/21 00:10:29 INFO  - jmeter.engine.StandardJMeterEngine: All thread groups have been started 
2016/03/21 00:10:29 INFO  - jmeter.threads.JMeterThread: Thread started: Thread Group 1-1 
2016/03/21 00:16:56 INFO  - jmeter.gui.action.Start: Shutting test down 
2016/03/21 00:16:56 INFO  - jmeter.threads.JMeterThread: Stopping: Thread Group 1-1 
2016/03/21 00:16:57 INFO  - jmeter.threads.JMeterThread: Thread finished: Thread Group 1-1 
2016/03/21 00:16:57 INFO  - jmeter.engine.StandardJMeterEngine: Notifying test listeners of end of test 
2016/03/21 00:16:57 INFO  - jmeter.gui.util.JMeterMenuBar: setRunning(false,*local*) 
2016/03/21 00:18:06 INFO  - jmeter.engine.StandardJMeterEngine: Running the test! 
2016/03/21 00:18:06 INFO  - jmeter.samplers.SampleEvent: List of sample_variables: [] 
2016/03/21 00:18:06 INFO  - jmeter.gui.util.JMeterMenuBar: setRunning(true,*local*) 
2016/03/21 00:18:06 INFO  - jmeter.engine.StandardJMeterEngine: Starting ThreadGroup: 1 : Thread Group 
2016/03/21 00:18:06 INFO  - jmeter.engine.StandardJMeterEngine: Starting 1 threads for group Thread Group. 
2016/03/21 00:18:06 INFO  - jmeter.engine.StandardJMeterEngine: Thread will continue on error 
2016/03/21 00:18:06 INFO  - jmeter.threads.ThreadGroup: Starting thread group number 1 threads 1 ramp-up 1 perThread 1000.0 delayedStart=false 
2016/03/21 00:18:06 INFO  - jmeter.threads.ThreadGroup: Started thread group number 1 
2016/03/21 00:18:06 INFO  - jmeter.engine.StandardJMeterEngine: All thread groups have been started 
2016/03/21 00:18:06 INFO  - jmeter.threads.JMeterThread: Thread started: Thread Group 1-1 
2016/03/21 00:18:27 INFO  - jmeter.threads.JMeterThread: Thread is done: Thread Group 1-1 
2016/03/21 00:18:27 INFO  - jmeter.threads.JMeterThread: Thread finished: Thread Group 1-1 
2016/03/21 00:18:27 INFO  - jmeter.engine.StandardJMeterEngine: Notifying test listeners of end of test 
2016/03/21 00:18:27 INFO  - jmeter.gui.util.JMeterMenuBar: setRunning(false,*local*) 
2016/03/21 00:18:41 INFO  - jmeter.engine.StandardJMeterEngine: Running the test! 
2016/03/21 00:18:41 INFO  - jmeter.samplers.SampleEvent: List of sample_variables: [] 
2016/03/21 00:18:41 INFO  - jmeter.gui.util.JMeterMenuBar: setRunning(true,*local*) 
2016/03/21 00:18:41 INFO  - jmeter.engine.StandardJMeterEngine: Starting ThreadGroup: 1 : Thread Group 
2016/03/21 00:18:41 INFO  - jmeter.engine.StandardJMeterEngine: Starting 1 threads for group Thread Group. 
2016/03/21 00:18:41 INFO  - jmeter.engine.StandardJMeterEngine: Thread will continue on error 
2016/03/21 00:18:41 INFO  - jmeter.threads.ThreadGroup: Starting thread group number 1 threads 1 ramp-up 1 perThread 1000.0 delayedStart=false 
2016/03/21 00:18:41 INFO  - jmeter.threads.ThreadGroup: Started thread group number 1 
2016/03/21 00:18:41 INFO  - jmeter.engine.StandardJMeterEngine: All thread groups have been started 
2016/03/21 00:18:41 INFO  - jmeter.threads.JMeterThread: Thread started: Thread Group 1-1 
2016/03/21 00:20:25 INFO  - jmeter.threads.JMeterThread: Thread is done: Thread Group 1-1 
2016/03/21 00:20:25 INFO  - jmeter.threads.JMeterThread: Thread finished: Thread Group 1-1 
2016/03/21 00:20:25 INFO  - jmeter.engine.StandardJMeterEngine: Notifying test listeners of end of test 
2016/03/21 00:20:25 INFO  - jmeter.gui.util.JMeterMenuBar: setRunning(false,*local*) 
